<?xml version="1.0" encoding="UTF-8"?>
<testng-results ignored="0" total="1" passed="1" failed="0" skipped="0">
  <reporter-output>
  </reporter-output>
  <suite started-at="2024-08-26T09:10:06 IST" name="Default suite" finished-at="2024-08-26T09:10:09 IST" duration-ms="2772">
    <groups>
    </groups>
    <test started-at="2024-08-26T09:10:06 IST" name="Default test" finished-at="2024-08-26T09:10:09 IST" duration-ms="2772">
      <class name="ProjectDMAS.ProjectDMAS">
        <test-method is-config="true" signature="beforsuites()[pri:0, instance:ProjectDMAS.ProjectDMAS@3ad83a66]" started-at="2024-08-26T09:10:05 IST" name="beforsuites" finished-at="2024-08-26T09:10:06 IST" duration-ms="1507" status="PASS">
          <reporter-output>
          </reporter-output>
        </test-method> <!-- beforsuites -->
        <test-method is-config="true" signature="beforclas()[pri:0, instance:ProjectDMAS.ProjectDMAS@3ad83a66]" started-at="2024-08-26T09:10:06 IST" name="beforclas" finished-at="2024-08-26T09:10:07 IST" duration-ms="1267" status="PASS">
          <reporter-output>
          </reporter-output>
        </test-method> <!-- beforclas -->
        <test-method signature="function()[pri:0, instance:ProjectDMAS.ProjectDMAS@3ad83a66]" started-at="2024-08-26T09:10:07 IST" name="function" finished-at="2024-08-26T09:10:09 IST" duration-ms="1469" status="PASS">
          <reporter-output>
          </reporter-output>
        </test-method> <!-- function -->
        <test-method is-config="true" signature="aftersuites()[pri:0, instance:ProjectDMAS.ProjectDMAS@3ad83a66]" started-at="2024-08-26T09:10:09 IST" name="aftersuites" finished-at="2024-08-26T09:10:09 IST" duration-ms="111" status="PASS">
          <reporter-output>
          </reporter-output>
        </test-method> <!-- aftersuites -->
      </class> <!-- ProjectDMAS.ProjectDMAS -->
    </test> <!-- Default test -->
  </suite> <!-- Default suite -->
</testng-results>
